{
"contracts/BasicDutchAuction.sol":{"l":{"27":3,"30":3,"31":3,"32":3,"33":3,"34":3,"39":5,"42":5,"46":4,"49":3,"50":3},"path":"/Users/rutvitilala/Documents/cryptocurrency/v1.0/contracts/BasicDutchAuction.sol","s":{"1":5,"2":5,"3":4,"4":3,"5":3},"b":{"1":[4,1],"2":[3,1]},"f":{"1":3,"2":5},"fnMap":{"1":{"name":"constructor","line":22,"loc":{"start":{"line":22,"column":4},"end":{"line":35,"column":4}}},"2":{"name":"bid","line":38,"loc":{"start":{"line":38,"column":4},"end":{"line":51,"column":4}}}},"statementMap":{"1":{"start":{"line":39,"column":8},"end":{"line":39,"column":1337}},"2":{"start":{"line":42,"column":8},"end":{"line":42,"column":1422}},"3":{"start":{"line":46,"column":8},"end":{"line":46,"column":52}},"4":{"start":{"line":49,"column":8},"end":{"line":49,"column":32}},"5":{"start":{"line":50,"column":8},"end":{"line":50,"column":25}}},"branchMap":{"1":{"line":42,"type":"if","locations":[{"start":{"line":42,"column":8},"end":{"line":42,"column":8}},{"start":{"line":42,"column":8},"end":{"line":42,"column":8}}]},"2":{"line":46,"type":"if","locations":[{"start":{"line":46,"column":8},"end":{"line":46,"column":8}},{"start":{"line":46,"column":8},"end":{"line":46,"column":8}}]}}}}
