TN:
SF:/Users/rutvitilala/Documents/cryptocurrency/v6.0/contracts/BasicDutchAuction.sol
FN:15,constructor
FN:30,getCurrentPrice
FN:39,bid
FNF:3
FNH:3
FNDA:3,constructor
FNDA:9,getCurrentPrice
FNDA:7,bid
DA:20,3
DA:21,3
DA:22,3
DA:23,3
DA:24,3
DA:26,3
DA:31,9
DA:32,9
DA:33,2
DA:35,7
DA:41,7
DA:44,6
DA:46,6
DA:49,5
DA:51,5
DA:56,3
DA:57,3
DA:59,3
LF:18
LH:18
BRDA:32,1,0,2
BRDA:32,1,1,7
BRDA:41,2,0,6
BRDA:41,2,1,1
BRDA:46,3,0,5
BRDA:46,3,1,1
BRDA:51,4,0,3
BRDA:51,4,1,2
BRF:8
BRH:8
end_of_record
TN:
SF:/Users/rutvitilala/Documents/cryptocurrency/v6.0/contracts/Greeter.sol
FN:9,constructor
FN:14,greet
FN:18,setGreeting
FNF:3
FNH:3
FNDA:3,constructor
FNDA:2,greet
FNDA:1,setGreeting
DA:10,3
DA:11,3
DA:15,2
DA:19,1
DA:20,1
LF:5
LH:5
BRF:0
BRH:0
end_of_record
