{"contracts/BasicDutchAuction.sol":{"l":{"20":3,"21":3,"22":3,"23":3,"24":3,"26":3,"31":9,"32":9,"33":2,"35":7,"41":7,"44":6,"46":6,"49":5,"51":5,"56":3,"57":3,"59":3},"path":"/Users/rutvitilala/Documents/cryptocurrency/v6.0/contracts/BasicDutchAuction.sol","s":{"1":9,"2":9,"3":2,"4":7,"5":7,"6":6,"7":6,"8":5,"9":5,"10":3,"11":3},"b":{"1":[2,7],"2":[6,1],"3":[5,1],"4":[3,2]},"f":{"1":3,"2":9,"3":7},"fnMap":{"1":{"name":"constructor","line":15,"loc":{"start":{"line":15,"column":2},"end":{"line":27,"column":2}}},"2":{"name":"getCurrentPrice","line":30,"loc":{"start":{"line":30,"column":2},"end":{"line":37,"column":2}}},"3":{"name":"bid","line":39,"loc":{"start":{"line":39,"column":2},"end":{"line":60,"column":2}}}},"statementMap":{"1":{"start":{"line":31,"column":4},"end":{"line":31,"column":53}},"2":{"start":{"line":32,"column":4},"end":{"line":32,"column":961}},"3":{"start":{"line":33,"column":6},"end":{"line":33,"column":25}},"4":{"start":{"line":35,"column":6},"end":{"line":35,"column":65}},"5":{"start":{"line":41,"column":4},"end":{"line":41,"column":65}},"6":{"start":{"line":44,"column":4},"end":{"line":44,"column":53}},"7":{"start":{"line":46,"column":4},"end":{"line":46,"column":68}},"8":{"start":{"line":49,"column":4},"end":{"line":49,"column":44}},"9":{"start":{"line":51,"column":4},"end":{"line":51,"column":77}},"10":{"start":{"line":57,"column":4},"end":{"line":57,"column":28}},"11":{"start":{"line":59,"column":4},"end":{"line":59,"column":17}}},"branchMap":{"1":{"line":32,"type":"if","locations":[{"start":{"line":32,"column":4},"end":{"line":32,"column":4}},{"start":{"line":32,"column":4},"end":{"line":32,"column":4}}]},"2":{"line":41,"type":"if","locations":[{"start":{"line":41,"column":4},"end":{"line":41,"column":4}},{"start":{"line":41,"column":4},"end":{"line":41,"column":4}}]},"3":{"line":46,"type":"if","locations":[{"start":{"line":46,"column":4},"end":{"line":46,"column":4}},{"start":{"line":46,"column":4},"end":{"line":46,"column":4}}]},"4":{"line":51,"type":"if","locations":[{"start":{"line":51,"column":4},"end":{"line":51,"column":4}},{"start":{"line":51,"column":4},"end":{"line":51,"column":4}}]}}},"contracts/Greeter.sol":{"l":{"10":3,"11":3,"15":2,"19":1,"20":1},"path":"/Users/rutvitilala/Documents/cryptocurrency/v6.0/contracts/Greeter.sol","s":{"1":3,"2":2,"3":1},"b":{},"f":{"1":3,"2":2,"3":1},"fnMap":{"1":{"name":"constructor","line":9,"loc":{"start":{"line":9,"column":4},"end":{"line":12,"column":4}}},"2":{"name":"greet","line":14,"loc":{"start":{"line":14,"column":4},"end":{"line":16,"column":4}}},"3":{"name":"setGreeting","line":18,"loc":{"start":{"line":18,"column":4},"end":{"line":21,"column":4}}}},"statementMap":{"1":{"start":{"line":10,"column":8},"end":{"line":10,"column":67}},"2":{"start":{"line":15,"column":8},"end":{"line":15,"column":23}},"3":{"start":{"line":19,"column":8},"end":{"line":19,"column":78}}},"branchMap":{}}}