{"contracts/NFTDutchAuction.sol":{"l":{"24":4,"25":4,"26":4,"27":4,"28":4,"29":4,"31":4,"32":4,"37":3,"38":3,"45":9,"48":8,"53":6,"56":6,"58":4,"59":4,"60":4,"61":4,"65":9,"66":9,"67":2,"69":7},"path":"/Users/rutvitilala/Documents/cryptocurrency/v2.0/contracts/NFTDutchAuction.sol","s":{"1":4,"2":9,"3":8,"4":6,"5":6,"6":4,"7":4,"8":4,"9":9,"10":9,"11":2,"12":7},"b":{"1":[3,1],"2":[8,1],"3":[6,2],"4":[4,2],"5":[2,7]},"f":{"1":4,"2":9,"3":9},"fnMap":{"1":{"name":"constructor","line":17,"loc":{"start":{"line":17,"column":4},"end":{"line":41,"column":4}}},"2":{"name":"bid","line":43,"loc":{"start":{"line":43,"column":4},"end":{"line":62,"column":4}}},"3":{"name":"getCurrentPrice","line":64,"loc":{"start":{"line":64,"column":4},"end":{"line":71,"column":4}}}},"statementMap":{"1":{"start":{"line":32,"column":8},"end":{"line":32,"column":1092}},"2":{"start":{"line":45,"column":8},"end":{"line":45,"column":69}},"3":{"start":{"line":48,"column":8},"end":{"line":48,"column":1620}},"4":{"start":{"line":53,"column":8},"end":{"line":53,"column":48}},"5":{"start":{"line":56,"column":8},"end":{"line":56,"column":73}},"6":{"start":{"line":59,"column":8},"end":{"line":59,"column":32}},"7":{"start":{"line":60,"column":8},"end":{"line":60,"column":50}},"8":{"start":{"line":61,"column":8},"end":{"line":61,"column":21}},"9":{"start":{"line":65,"column":8},"end":{"line":65,"column":57}},"10":{"start":{"line":66,"column":8},"end":{"line":66,"column":2328}},"11":{"start":{"line":67,"column":12},"end":{"line":67,"column":31}},"12":{"start":{"line":69,"column":12},"end":{"line":69,"column":71}}},"branchMap":{"1":{"line":32,"type":"if","locations":[{"start":{"line":32,"column":8},"end":{"line":32,"column":8}},{"start":{"line":32,"column":8},"end":{"line":32,"column":8}}]},"2":{"line":45,"type":"if","locations":[{"start":{"line":45,"column":8},"end":{"line":45,"column":8}},{"start":{"line":45,"column":8},"end":{"line":45,"column":8}}]},"3":{"line":48,"type":"if","locations":[{"start":{"line":48,"column":8},"end":{"line":48,"column":8}},{"start":{"line":48,"column":8},"end":{"line":48,"column":8}}]},"4":{"line":56,"type":"if","locations":[{"start":{"line":56,"column":8},"end":{"line":56,"column":8}},{"start":{"line":56,"column":8},"end":{"line":56,"column":8}}]},"5":{"line":66,"type":"if","locations":[{"start":{"line":66,"column":8},"end":{"line":66,"column":8}},{"start":{"line":66,"column":8},"end":{"line":66,"column":8}}]}}},"contracts/RandomNFT.sol":{"l":{"18":9,"19":9,"20":9,"22":9,"23":9},"path":"/Users/rutvitilala/Documents/cryptocurrency/v2.0/contracts/RandomNFT.sol","s":{"1":9,"2":9,"3":9,"4":9,"5":9},"b":{"1":[9,1]},"f":{"1":6,"2":9},"fnMap":{"1":{"name":"constructor","line":12,"loc":{"start":{"line":12,"column":4},"end":{"line":12,"column":47}}},"2":{"name":"mintNFT","line":17,"loc":{"start":{"line":14,"column":4},"end":{"line":24,"column":4}}}},"statementMap":{"1":{"start":{"line":18,"column":8},"end":{"line":18,"column":48}},"2":{"start":{"line":19,"column":8},"end":{"line":19,"column":35}},"3":{"start":{"line":20,"column":8},"end":{"line":20,"column":41}},"4":{"start":{"line":22,"column":8},"end":{"line":22,"column":28}},"5":{"start":{"line":23,"column":8},"end":{"line":23,"column":25}}},"branchMap":{"1":{"line":17,"type":"if","locations":[{"start":{"line":17,"column":13},"end":{"line":17,"column":13}},{"start":{"line":17,"column":13},"end":{"line":17,"column":13}}]}}}}