TN:
SF:/Users/rutvitilala/Documents/cryptocurrency/v2.0/contracts/NFTDutchAuction.sol
FN:17,constructor
FN:43,bid
FN:64,getCurrentPrice
FNF:3
FNH:3
FNDA:4,constructor
FNDA:9,bid
FNDA:9,getCurrentPrice
DA:24,4
DA:25,4
DA:26,4
DA:27,4
DA:28,4
DA:29,4
DA:31,4
DA:32,4
DA:37,3
DA:38,3
DA:45,9
DA:48,8
DA:53,6
DA:56,6
DA:58,4
DA:59,4
DA:60,4
DA:61,4
DA:65,9
DA:66,9
DA:67,2
DA:69,7
LF:22
LH:22
BRDA:32,1,0,3
BRDA:32,1,1,1
BRDA:45,2,0,8
BRDA:45,2,1,1
BRDA:48,3,0,6
BRDA:48,3,1,2
BRDA:56,4,0,4
BRDA:56,4,1,2
BRDA:66,5,0,2
BRDA:66,5,1,7
BRF:10
BRH:10
end_of_record
TN:
SF:/Users/rutvitilala/Documents/cryptocurrency/v2.0/contracts/RandomMusicNFT.sol
FN:12,constructor
FN:17,mintNFT
FNF:2
FNH:2
FNDA:6,constructor
FNDA:9,mintNFT
DA:18,9
DA:19,9
DA:20,9
DA:22,9
DA:23,9
LF:5
LH:5
BRDA:17,1,0,9
BRDA:17,1,1,1
BRF:2
BRH:2
end_of_record
